<?xml version="1.0" encoding="UTF-8"?>
<!-- Generated by org.testng.reporters.JUnitReportReporter -->
<testsuite hostname="Aditya" failures="0" tests="1" name="com.example.tests.FancodeSDETTest" time="3.720" errors="0" timestamp="2024-10-10T20:46:09 IST" skipped="0">
  <testcase classname="com.example.tests.FancodeSDETTest" name="testFanCodeUserTodoCompletion" time="3.720"/>
  <system-out/>
</testsuite> <!-- com.example.tests.FancodeSDETTest -->
